Changed database context to 'master'.
Changed database context to 'restaurantdb'.

(6 rows affected)

(6 rows affected)

(7 rows affected)

(6 rows affected)

(6 rows affected)

(12 rows affected)

(6 rows affected)

(6 rows affected)

(6 rows affected)

(6 rows affected)

(6 rows affected)

(6 rows affected)

(6 rows affected)

(6 rows affected)

(6 rows affected)

(6 rows affected)

(6 rows affected)

(5 rows affected)

(6 rows affected)
Database restaurantdb created successfully!
All tables and sample data inserted.
